0 info it worked if it ends with ok
1 verbose cli [ 'node', '/usr/local/bin/npm', 'install', 'method_override' ]
2 info using npm@1.4.28
3 info using node@v0.10.33
4 verbose readDependencies using package.json deps
5 verbose cache add [ 'method_override', null ]
6 verbose cache add name=undefined spec="method_override" args=["method_override",null]
7 verbose parsed url { protocol: null,
7 verbose parsed url   slashes: null,
7 verbose parsed url   auth: null,
7 verbose parsed url   host: null,
7 verbose parsed url   port: null,
7 verbose parsed url   hostname: null,
7 verbose parsed url   hash: null,
7 verbose parsed url   search: null,
7 verbose parsed url   query: null,
7 verbose parsed url   pathname: 'method_override',
7 verbose parsed url   path: 'method_override',
7 verbose parsed url   href: 'method_override' }
8 silly lockFile 88ca3e74-method-override method_override
9 verbose lock method_override /Users/KAsh/.npm/88ca3e74-method-override.lock
10 silly lockFile 88ca3e74-method-override method_override
11 silly lockFile 88ca3e74-method-override method_override
12 verbose addNamed [ 'method_override', '' ]
13 verbose addNamed [ null, '*' ]
14 silly lockFile 41023a0b-method-override method_override@
15 verbose lock method_override@ /Users/KAsh/.npm/41023a0b-method-override.lock
16 silly addNameRange { name: 'method_override', range: '*', hasData: false }
17 verbose request where is /method_override
18 verbose request registry https://registry.npmjs.org/
19 verbose request id afd1fd5dbd970099
20 verbose url raw /method_override
21 verbose url resolving [ 'https://registry.npmjs.org/', './method_override' ]
22 verbose url resolved https://registry.npmjs.org/method_override
23 verbose request where is https://registry.npmjs.org/method_override
24 info trying registry request attempt 1 at 14:15:53
25 http GET https://registry.npmjs.org/method_override
26 http 404 https://registry.npmjs.org/method_override
27 verbose headers { date: 'Sat, 06 Dec 2014 22:15:54 GMT',
27 verbose headers   server: 'CouchDB/1.5.0 (Erlang OTP/R14B04)',
27 verbose headers   'content-type': 'application/json',
27 verbose headers   'cache-control': 'max-age=0',
27 verbose headers   'content-length': '52',
27 verbose headers   'accept-ranges': 'bytes',
27 verbose headers   via: '1.1 varnish',
27 verbose headers   age: '0',
27 verbose headers   'x-served-by': 'cache-lax1426-LAX',
27 verbose headers   'x-cache': 'MISS',
27 verbose headers   'x-cache-hits': '0',
27 verbose headers   'x-timer': 'S1417904153.931152,VS0,VE85',
27 verbose headers   'keep-alive': 'timeout=10, max=50',
27 verbose headers   connection: 'Keep-Alive' }
28 silly registry.get cb [ 404,
28 silly registry.get   { date: 'Sat, 06 Dec 2014 22:15:54 GMT',
28 silly registry.get     server: 'CouchDB/1.5.0 (Erlang OTP/R14B04)',
28 silly registry.get     'content-type': 'application/json',
28 silly registry.get     'cache-control': 'max-age=0',
28 silly registry.get     'content-length': '52',
28 silly registry.get     'accept-ranges': 'bytes',
28 silly registry.get     via: '1.1 varnish',
28 silly registry.get     age: '0',
28 silly registry.get     'x-served-by': 'cache-lax1426-LAX',
28 silly registry.get     'x-cache': 'MISS',
28 silly registry.get     'x-cache-hits': '0',
28 silly registry.get     'x-timer': 'S1417904153.931152,VS0,VE85',
28 silly registry.get     'keep-alive': 'timeout=10, max=50',
28 silly registry.get     connection: 'Keep-Alive' } ]
29 silly lockFile 41023a0b-method-override method_override@
30 silly lockFile 41023a0b-method-override method_override@
31 error 404 404 Not Found: method_override
31 error 404
31 error 404 'method_override' is not in the npm registry.
31 error 404 You should bug the author to publish it
31 error 404 It was specified as a dependency of 'new_feed_2'
31 error 404
31 error 404 Note that you can also install from a
31 error 404 tarball, folder, or http url, or git url.
32 error System Darwin 13.4.0
33 error command "node" "/usr/local/bin/npm" "install" "method_override"
34 error cwd /Users/KAsh/Desktop/GA/week3/new_feed_2
35 error node -v v0.10.33
36 error npm -v 1.4.28
37 error code E404
38 verbose exit [ 1, true ]
